app/build/outputs/logs/manifest-merger-debug-report.txt
-- Merging decision tree log ---
manifest
ADDED from src\main\AndroidManifest.xml:32:1-51:12
	package
		ADDED from src\main\AndroidManifest.xml:32:11-60
		INJECTED from src\main\AndroidManifest.xml
		INJECTED from src\main\AndroidManifest.xml
	android:versionName
		ADDED from src\main\AndroidManifest.xml:33:66-101
		INJECTED from src\main\AndroidManifest.xml
		INJECTED from src\main\AndroidManifest.xml
	android:versionCode
		ADDED from src\main\AndroidManifest.xml:33:102-125
		INJECTED from src\main\AndroidManifest.xml
		INJECTED from src\main\AndroidManifest.xml
	xmlns:android
		ADDED from src\main\AndroidManifest.xml:33:7-65
application
ADDED from src\main\AndroidManifest.xml:34:5-47:15
	android:label
		ADDED from src\main\AndroidManifest.xml:35:11-43
	android:icon
		ADDED from src\main\AndroidManifest.xml:34:18-47
activity#be.ac.ulb.lisa.idot.android.dicomviewer.DICOMViewer
ADDED from src\main\AndroidManifest.xml:36:9-39:20
	android:screenOrientation
		ADDED from src\main\AndroidManifest.xml:37:19-56
	android:theme
		ADDED from src\main\AndroidManifest.xml:37:57-115
	android:name
		ADDED from src\main\AndroidManifest.xml:36:19-46
activity#be.ac.ulb.lisa.idot.android.dicomviewer.DICOMFileChooser
ADDED from src\main\AndroidManifest.xml:40:5-46:16
	android:label
		ADDED from src\main\AndroidManifest.xml:41:9-41
	android:name
		ADDED from src\main\AndroidManifest.xml:40:15-47
intent-filter#android.intent.action.MAIN+android.intent.category.LAUNCHER
ADDED from src\main\AndroidManifest.xml:42:6-45:25
action#android.intent.action.MAIN
ADDED from src\main\AndroidManifest.xml:43:10-62
	android:name
		ADDED from src\main\AndroidManifest.xml:43:18-59
category#android.intent.category.LAUNCHER
ADDED from src\main\AndroidManifest.xml:44:13-73
	android:name
		ADDED from src\main\AndroidManifest.xml:44:23-70
uses-sdk
ADDED from src\main\AndroidManifest.xml:48:5-72
	android:targetSdkVersion
		ADDED from src\main\AndroidManifest.xml:48:41-69
		INJECTED from src\main\AndroidManifest.xml
		INJECTED from src\main\AndroidManifest.xml
	android:minSdkVersion
		ADDED from src\main\AndroidManifest.xml:48:15-40
		INJECTED from src\main\AndroidManifest.xml
		INJECTED from src\main\AndroidManifest.xml
uses-permission#android.permission.WRITE_EXTERNAL_STORAGE
ADDED from src\main\AndroidManifest.xml:50:1-93
	android:name
		ADDED from src\main\AndroidManifest.xml:50:18-74